<?xml version="1.0" encoding="UTF-8"?>
<!-- Generated by org.testng.reporters.JUnitXMLReporter -->
<testsuite ignored="0" hostname="DESKTOP-B95RCTO" failures="0" tests="3" name="swagLabs" time="24.036" errors="0" timestamp="20 Sep 2022 14:50:18 GMT">
  <testcase classname="testSuite.TestLaunchBrowser" name="openSwagLabs" time="0.736"/>
  <testcase classname="testSuite.TestLaunchBrowser" name="selectCargo" time="0.148"/>
  <testcase classname="testSuite.TestLaunchBrowser" name="AddToCarAndCheckout" time="0.879"/>
</testsuite> <!-- swagLabs -->
