<?xml version="1.0" encoding="UTF-8"?>
<testng-results ignored="0" total="2" passed="2" failed="0" skipped="0">
  <reporter-output>
  </reporter-output>
  <suite started-at="2022-08-21T14:12:01Z" name="Suite1" finished-at="2022-08-21T14:12:27Z" duration-ms="26015">
    <groups>
    </groups>
    <test started-at="2022-08-21T14:12:01Z" name="swagLabs" finished-at="2022-08-21T14:12:27Z" duration-ms="26015">
      <class name="testSuite.TestLaunchBrowser">
        <test-method is-config="true" signature="setUp()[pri:0, instance:testSuite.TestLaunchBrowser@4bb4de6a]" started-at="2022-08-21T14:12:01Z" name="setUp" finished-at="2022-08-21T14:12:20Z" duration-ms="18352" status="PASS">
          <reporter-output>
          </reporter-output>
        </test-method> <!-- setUp -->
        <test-method signature="openSwagLabs()[pri:0, instance:testSuite.TestLaunchBrowser@4bb4de6a]" started-at="2022-08-21T14:12:20Z" name="openSwagLabs" finished-at="2022-08-21T14:12:20Z" duration-ms="728" status="PASS">
          <reporter-output>
          </reporter-output>
        </test-method> <!-- openSwagLabs -->
        <test-method signature="selectCargo()[pri:0, instance:testSuite.TestLaunchBrowser@4bb4de6a]" started-at="2022-08-21T14:12:20Z" name="selectCargo" finished-at="2022-08-21T14:12:21Z" duration-ms="685" status="PASS">
          <reporter-output>
          </reporter-output>
        </test-method> <!-- selectCargo -->
        <test-method is-config="true" signature="tearDown()[pri:0, instance:testSuite.TestLaunchBrowser@4bb4de6a]" started-at="2022-08-21T14:12:21Z" name="tearDown" finished-at="2022-08-21T14:12:27Z" duration-ms="6213" status="PASS">
          <reporter-output>
          </reporter-output>
        </test-method> <!-- tearDown -->
      </class> <!-- testSuite.TestLaunchBrowser -->
    </test> <!-- swagLabs -->
  </suite> <!-- Suite1 -->
</testng-results>
